<?xml version="1.0" encoding="UTF-8"?>
<!-- Generated by org.testng.reporters.JUnitXMLReporter -->
<testsuite ignored="0" hostname="HP" failures="2" tests="2" name="Test1" time="60.209" errors="0" timestamp="2026-03-13T15:13:47 IST">
  <testcase classname="tests.LoginToApplication" name="login" time="15.455">
    <failure type="java.lang.AssertionError" message="Forcefully failing the test">
      <![CDATA[java.lang.AssertionError: Forcefully failing the test
at pages.LoginPage.login(LoginPage.java:50)
at tests.LoginToApplication.login(LoginToApplication.java:14)
at java.base/java.util.ArrayList.forEach(ArrayList.java:1596)
... Removed 26 stack frames]]>
    </failure>
  </testcase> <!-- login -->
  <testcase classname="tests.LoginWithAnotherDetails" name="login" time="15.537">
    <failure type="java.lang.AssertionError" message="Forcefully failing the test">
      <![CDATA[java.lang.AssertionError: Forcefully failing the test
at pages.LoginPage.login(LoginPage.java:50)
at tests.LoginWithAnotherDetails.login(LoginWithAnotherDetails.java:14)
at java.base/java.util.ArrayList.forEach(ArrayList.java:1596)
... Removed 26 stack frames]]>
    </failure>
  </testcase> <!-- login -->
</testsuite> <!-- Test1 -->
