<?xml version="1.0" encoding="UTF-8"?>
<!-- Generated by org.testng.reporters.JUnitXMLReporter -->
<testsuite ignored="0" hostname="HP" failures="2" tests="2" name="Test2" time="29.562" errors="0" timestamp="2026-03-13T13:37:44 IST">
  <testcase classname="tests.LoginToApplication" name="login" time="15.423">
    <failure type="java.lang.AssertionError" message="Forcefully failing the test">
      <![CDATA[java.lang.AssertionError: Forcefully failing the test
at pages.LoginPage.login(LoginPage.java:50)
at tests.LoginToApplication.login(LoginToApplication.java:14)
at java.base/java.util.concurrent.Executors$RunnableAdapter.call(Executors.java:572)
at java.base/java.util.concurrent.FutureTask.run(FutureTask.java:317)
at java.base/java.util.concurrent.ThreadPoolExecutor.runWorker(ThreadPoolExecutor.java:1144)
at java.base/java.util.concurrent.ThreadPoolExecutor$Worker.run(ThreadPoolExecutor.java:642)
at java.base/java.lang.Thread.run(Thread.java:1583)
... Removed 12 stack frames]]>
    </failure>
  </testcase> <!-- login -->
  <testcase classname="tests.LoginWithAnotherDetails" name="login" time="15.427">
    <failure type="java.lang.AssertionError" message="Forcefully failing the test">
      <![CDATA[java.lang.AssertionError: Forcefully failing the test
at pages.LoginPage.login(LoginPage.java:50)
at tests.LoginWithAnotherDetails.login(LoginWithAnotherDetails.java:14)
at java.base/java.util.concurrent.Executors$RunnableAdapter.call(Executors.java:572)
at java.base/java.util.concurrent.FutureTask.run(FutureTask.java:317)
at java.base/java.util.concurrent.ThreadPoolExecutor.runWorker(ThreadPoolExecutor.java:1144)
at java.base/java.util.concurrent.ThreadPoolExecutor$Worker.run(ThreadPoolExecutor.java:642)
at java.base/java.lang.Thread.run(Thread.java:1583)
... Removed 12 stack frames]]>
    </failure>
  </testcase> <!-- login -->
</testsuite> <!-- Test2 -->
